3 4 5
0 7 5
0 0 12
10 0 2
0 10 2
0 0 12
10 0 2
0 10 2
0 0 12
10 0 2
0 10 2
0 0 12
10 0 2
0 10 2
0 0 12
10 0 2
0 10 2
0 0 12
10 0 2
0 10 2
0 0 12
10 0 2
0 10 2
0 0 12
10 0 2
0 10 2
0 0 12
10 0 2
0 10 2
0 0 12
10 0 2
0 10 2
0 0 12
10 0 2
0 10 2
0 0 12
10 0 2
0 10 2
0 0 12
10 0 2
0 10 2
0 0 12
10 0 2
0 10 2
0 0 12
10 0 2
0 10 2
0 0 12
10 0 2
0 10 2
0 0 12
10 0 2
0 10 2
0 0 12
10 0 2
0 10 2
0 0 12
10 0 2
0 10 2
0 0 12
10 0 2
0 10 2
0 0 12
10 0 2
0 10 2
0 0 12
10 0 2
0 10 2
0 0 12
10 0 2
0 10 2
0 0 12
10 0 2
0 10 2
0 0 12
10 0 2
0 10 2
0 0 12
10 0 2
0 10 2
0 0 12
10 0 2
0 10 2
0 0 12
10 0 2
0 10 2
0 0 12
10 0 2
0 10 2
0 0 12
10 0 2
0 10 2
0 0 12
10 0 2
0 10 2
0 0 12
10 0 2
0 10 2
0 0 12
10 0 2
0
10
2